0 info it worked if it ends with ok
1 verbose cli [ 'C:\\Program Files\\nodejs\\node.exe',
1 verbose cli   'C:\\Program Files\\nodejs\\node_modules\\npm\\bin\\npm-cli.js',
1 verbose cli   'run',
1 verbose cli   'start' ]
2 info using npm@3.10.10
3 info using node@v6.9.4
4 verbose run-script [ 'prestart', 'start', 'poststart' ]
5 info lifecycle myapp@0.0.1~prestart: myapp@0.0.1
6 silly lifecycle myapp@0.0.1~prestart: no script for prestart, continuing
7 info lifecycle myapp@0.0.1~start: myapp@0.0.1
8 verbose lifecycle myapp@0.0.1~start: unsafe-perm in lifecycle true
9 verbose lifecycle myapp@0.0.1~start: PATH: C:\Program Files\nodejs\node_modules\npm\bin\node-gyp-bin;F:\AppData\GitHub\Software_Engineering\se\node_modules\.bin;C:\Program Files\Java\jdk1.8.0_91\bin;C:\Program Files (x86)\python 2.7\;C:\Program Files (x86)\python 2.7\Scripts;C:\ProgramData\Oracle\Java\javapath;C:\Windows\system32;C:\Windows;C:\Windows\System32\Wbem;C:\Windows\System32\WindowsPowerShell\v1.0\;C:\Program Files\Microsoft SQL Server\110\Tools\Binn\;C:\Program Files\Microsoft SQL Server\120\Tools\Binn\;C:\Program Files\Microsoft SQL Server\Client SDK\ODBC\110\Tools\Binn\;C:\Program Files (x86)\Microsoft SQL Server\120\Tools\Binn\;C:\Program Files\Microsoft SQL Server\120\DTS\Binn\;C:\Program Files (x86)\Microsoft SQL Server\120\Tools\Binn\ManagementStudio\;C:\Program Files (x86)\Microsoft SQL Server\120\DTS\Binn\;C:\Program Files (x86)\NVIDIA Corporation\PhysX\Common;C:\Program Files (x86)\IVI Foundation\VISA\WinNT\Bin\;C:\Program Files\IVI Foundation\VISA\Win64\Bin\;C:\Program Files (x86)\IVI Foundation\VISA\WinNT\Bin;C:\Program Files (x86)\texlive\2015\bin\win32;C:\Users\36202\.dnx\bin;C:\Program Files\Microsoft DNX\Dnvm\;C:\Program Files (x86)\Windows Kits\8.1\Windows Performance Toolkit\;C:\Program Files\Git\cmd;C:\Program Files (x86)\IVI Foundation\IVI\bin;C:\Program Files\IVI Foundation\IVI\bin;C:\WINDOWS\system32;C:\WINDOWS;C:\WINDOWS\System32\Wbem;C:\WINDOWS\System32\WindowsPowerShell\v1.0\;C:\Program Files\Java\jdk1.8.0_91;D:\Programming\OpenCV\opencv\build\x64\vc14\bin;C:\Program Files\CMake\bin;D:\Programming\MinGW\bin;C:\Program Files\nodejs\;C:\Program Files\MATLAB\R2015b\runtime\win64;C:\Program Files\MATLAB\R2015b\bin;C:\Program Files\MATLAB\R2015b\polyspace\bin;C:\Program Files (x86)\Graphviz2.38\bin;C:\Android;C:\Program Files\Java\jre1.8.0_91\bin;C:\Users\36202\AppData\Local\Microsoft\WindowsApps;C:\Program Files (x86)\python 2.7\;C:\Program Files (x86)\python 2.7\Scripts;C:\Program Files\Java\jdk1.8.0_91\bin;C:\Program Files\Java\jdk1.8.0_91;D:\Programming\OpenCV\opencv\build\x64\vc14\bin;D:\Programming\MinGW-64\mingw64\bin;C:\Users\36202\AppData\Local\atom\bin;C:\Users\36202\AppData\Roaming\npm;C:\Program Files (x86)\Graphviz2.38\bin;D:\APPs\Lex\FreeType\bin;D:\APPs\Yacc\bin;C:\Program Files\Java\jre1.8.0_91\bin;C:\Program Files (x86)\Microsoft VS Code\bin;C:\Users\36202\AppData\Local\Microsoft\WindowsApps;C:\Program Files\MongoDB\Server\3.4\bin;
10 verbose lifecycle myapp@0.0.1~start: CWD: F:\AppData\GitHub\Software_Engineering\se
11 silly lifecycle myapp@0.0.1~start: Args: [ '/d /s /c', 'node ./bin/www' ]
12 silly lifecycle myapp@0.0.1~start: Returned: code: 1  signal: null
13 info lifecycle myapp@0.0.1~start: Failed to exec start script
14 verbose stack Error: myapp@0.0.1 start: `node ./bin/www`
14 verbose stack Exit status 1
14 verbose stack     at EventEmitter.<anonymous> (C:\Program Files\nodejs\node_modules\npm\lib\utils\lifecycle.js:255:16)
14 verbose stack     at emitTwo (events.js:106:13)
14 verbose stack     at EventEmitter.emit (events.js:191:7)
14 verbose stack     at ChildProcess.<anonymous> (C:\Program Files\nodejs\node_modules\npm\lib\utils\spawn.js:40:14)
14 verbose stack     at emitTwo (events.js:106:13)
14 verbose stack     at ChildProcess.emit (events.js:191:7)
14 verbose stack     at maybeClose (internal/child_process.js:877:16)
14 verbose stack     at Process.ChildProcess._handle.onexit (internal/child_process.js:226:5)
15 verbose pkgid myapp@0.0.1
16 verbose cwd F:\AppData\GitHub\Software_Engineering\se
17 error Windows_NT 10.0.15063
18 error argv "C:\\Program Files\\nodejs\\node.exe" "C:\\Program Files\\nodejs\\node_modules\\npm\\bin\\npm-cli.js" "run" "start"
19 error node v6.9.4
20 error npm  v3.10.10
21 error code ELIFECYCLE
22 error myapp@0.0.1 start: `node ./bin/www`
22 error Exit status 1
23 error Failed at the myapp@0.0.1 start script 'node ./bin/www'.
23 error Make sure you have the latest version of node.js and npm installed.
23 error If you do, this is most likely a problem with the myapp package,
23 error not with npm itself.
23 error Tell the author that this fails on your system:
23 error     node ./bin/www
23 error You can get information on how to open an issue for this project with:
23 error     npm bugs myapp
23 error Or if that isn't available, you can get their info via:
23 error     npm owner ls myapp
23 error There is likely additional logging output above.
24 verbose exit [ 1, true ]
